{
"contracts\\IERC20Permit.sol":{"l":{},"path":"C:\\Users\\Dsouza\\Documents\\CryptoCurrency\\v5.0\\contracts\\IERC20Permit.sol","s":{},"b":{},"f":{},"fnMap":{},"statementMap":{},"branchMap":{}},
"contracts\\NFTDutchAuctionERC20Bids.sol":{"l":{"36":4,"37":4,"39":4,"40":4,"41":4,"42":4,"43":4,"44":4,"46":4,"47":4,"49":4,"54":3,"55":3,"62":11,"63":11,"64":2,"66":9,"76":11,"79":10,"85":8,"87":8,"92":6,"99":4,"100":4,"101":4,"103":4},"path":"C:\\Users\\Dsouza\\Documents\\CryptoCurrency\\v5.0\\contracts\\NFTDutchAuctionERC20Bids.sol","s":{"1":4,"2":4,"3":4,"4":11,"5":11,"6":2,"7":9,"8":11,"9":10,"10":8,"11":8,"12":6,"13":4,"14":4,"15":4},"b":{"1":[4,1],"2":[3,1],"3":[2,9],"4":[1,0],"5":[10,1],"6":[8,2],"7":[6,2],"8":[4,2]},"f":{"1":4,"2":11,"3":1,"4":11},"fnMap":{"1":{"name":"initialize","line":35,"loc":{"start":{"line":28,"column":4},"end":{"line":58,"column":4}}},"2":{"name":"getCurrentPrice","line":61,"loc":{"start":{"line":61,"column":4},"end":{"line":68,"column":4}}},"3":{"name":"_authorizeUpgrade","line":72,"loc":{"start":{"line":70,"column":4},"end":{"line":72,"column":35}}},"4":{"name":"bid","line":74,"loc":{"start":{"line":74,"column":4},"end":{"line":104,"column":4}}}},"statementMap":{"1":{"start":{"line":36,"column":8},"end":{"line":36,"column":23}},"2":{"start":{"line":37,"column":8},"end":{"line":37,"column":31}},"3":{"start":{"line":49,"column":8},"end":{"line":49,"column":1565}},"4":{"start":{"line":62,"column":8},"end":{"line":62,"column":57}},"5":{"start":{"line":63,"column":8},"end":{"line":63,"column":2054}},"6":{"start":{"line":64,"column":12},"end":{"line":64,"column":31}},"7":{"start":{"line":66,"column":12},"end":{"line":66,"column":71}},"8":{"start":{"line":76,"column":8},"end":{"line":76,"column":69}},"9":{"start":{"line":79,"column":8},"end":{"line":79,"column":2596}},"10":{"start":{"line":85,"column":8},"end":{"line":85,"column":48}},"11":{"start":{"line":87,"column":8},"end":{"line":87,"column":2922}},"12":{"start":{"line":92,"column":8},"end":{"line":92,"column":3102}},"13":{"start":{"line":100,"column":8},"end":{"line":100,"column":56}},"14":{"start":{"line":101,"column":8},"end":{"line":101,"column":52}},"15":{"start":{"line":103,"column":8},"end":{"line":103,"column":21}}},"branchMap":{"1":{"line":35,"type":"if","locations":[{"start":{"line":35,"column":13},"end":{"line":35,"column":13}},{"start":{"line":35,"column":13},"end":{"line":35,"column":13}}]},"2":{"line":49,"type":"if","locations":[{"start":{"line":49,"column":8},"end":{"line":49,"column":8}},{"start":{"line":49,"column":8},"end":{"line":49,"column":8}}]},"3":{"line":63,"type":"if","locations":[{"start":{"line":63,"column":8},"end":{"line":63,"column":8}},{"start":{"line":63,"column":8},"end":{"line":63,"column":8}}]},"4":{"line":72,"type":"if","locations":[{"start":{"line":72,"column":24},"end":{"line":72,"column":24}},{"start":{"line":72,"column":24},"end":{"line":72,"column":24}}]},"5":{"line":76,"type":"if","locations":[{"start":{"line":76,"column":8},"end":{"line":76,"column":8}},{"start":{"line":76,"column":8},"end":{"line":76,"column":8}}]},"6":{"line":79,"type":"if","locations":[{"start":{"line":79,"column":8},"end":{"line":79,"column":8}},{"start":{"line":79,"column":8},"end":{"line":79,"column":8}}]},"7":{"line":87,"type":"if","locations":[{"start":{"line":87,"column":8},"end":{"line":87,"column":8}},{"start":{"line":87,"column":8},"end":{"line":87,"column":8}}]},"8":{"line":92,"type":"if","locations":[{"start":{"line":92,"column":8},"end":{"line":92,"column":8}},{"start":{"line":92,"column":8},"end":{"line":92,"column":8}}]}}},
"contracts\\NFTDutchAuctionERC20BidsUpgradable.sol":{"l":{"12":1},"path":"C:\\Users\\Dsouza\\Documents\\CryptoCurrency\\v5.0\\contracts\\NFTDutchAuctionERC20BidsUpgradable.sol","s":{"1":1},"b":{},"f":{"1":1},"fnMap":{"1":{"name":"currentVersion","line":10,"loc":{"start":{"line":10,"column":4},"end":{"line":13,"column":4}}}},"statementMap":{"1":{"start":{"line":12,"column":8},"end":{"line":12,"column":16}}},"branchMap":{}},
"contracts\\RandomMusicNFT.sol":{"l":{"18":9,"19":9,"20":9,"22":9,"23":9},"path":"C:\\Users\\Dsouza\\Documents\\CryptoCurrency\\v5.0\\contracts\\RandomMusicNFT.sol","s":{"1":9,"2":9,"3":9,"4":9,"5":9},"b":{"1":[9,1]},"f":{"1":6,"2":9},"fnMap":{"1":{"name":"constructor","line":12,"loc":{"start":{"line":12,"column":4},"end":{"line":12,"column":52}}},"2":{"name":"mintNFT","line":17,"loc":{"start":{"line":14,"column":4},"end":{"line":24,"column":4}}}},"statementMap":{"1":{"start":{"line":18,"column":8},"end":{"line":18,"column":48}},"2":{"start":{"line":19,"column":8},"end":{"line":19,"column":35}},"3":{"start":{"line":20,"column":8},"end":{"line":20,"column":41}},"4":{"start":{"line":22,"column":8},"end":{"line":22,"column":28}},"5":{"start":{"line":23,"column":8},"end":{"line":23,"column":25}}},"branchMap":{"1":{"line":17,"type":"if","locations":[{"start":{"line":17,"column":13},"end":{"line":17,"column":13}},{"start":{"line":17,"column":13},"end":{"line":17,"column":13}}]}}},
"contracts\\TempoToken.sol":{"l":{"10":6,"14":5},"path":"C:\\Users\\Dsouza\\Documents\\CryptoCurrency\\v5.0\\contracts\\TempoToken.sol","s":{"1":6,"2":5},"b":{"1":[5,1]},"f":{"1":6,"2":5},"fnMap":{"1":{"name":"constructor","line":9,"loc":{"start":{"line":9,"column":4},"end":{"line":11,"column":4}}},"2":{"name":"mint","line":13,"loc":{"start":{"line":13,"column":4},"end":{"line":15,"column":4}}}},"statementMap":{"1":{"start":{"line":10,"column":8},"end":{"line":10,"column":31}},"2":{"start":{"line":14,"column":8},"end":{"line":14,"column":24}}},"branchMap":{"1":{"line":13,"type":"if","locations":[{"start":{"line":13,"column":53},"end":{"line":13,"column":53}},{"start":{"line":13,"column":53},"end":{"line":13,"column":53}}]}}}}
