TN:
SF:C:\Users\Dsouza\Documents\CryptoCurrency\v5.0\contracts\IERC20Permit.sol
FNF:0
FNH:0
LF:0
LH:0
BRF:0
BRH:0
end_of_record
TN:
SF:C:\Users\Dsouza\Documents\CryptoCurrency\v5.0\contracts\NFTDutchAuctionERC20Bids.sol
FN:35,initialize
FN:61,getCurrentPrice
FN:72,_authorizeUpgrade
FN:74,bid
FNF:4
FNH:4
FNDA:4,initialize
FNDA:11,getCurrentPrice
FNDA:1,_authorizeUpgrade
FNDA:11,bid
DA:36,4
DA:37,4
DA:39,4
DA:40,4
DA:41,4
DA:42,4
DA:43,4
DA:44,4
DA:46,4
DA:47,4
DA:49,4
DA:54,3
DA:55,3
DA:62,11
DA:63,11
DA:64,2
DA:66,9
DA:76,11
DA:79,10
DA:85,8
DA:87,8
DA:92,6
DA:99,4
DA:100,4
DA:101,4
DA:103,4
LF:26
LH:26
BRDA:35,1,0,4
BRDA:35,1,1,1
BRDA:49,2,0,3
BRDA:49,2,1,1
BRDA:63,3,0,2
BRDA:63,3,1,9
BRDA:72,4,0,1
BRDA:72,4,1,0
BRDA:76,5,0,10
BRDA:76,5,1,1
BRDA:79,6,0,8
BRDA:79,6,1,2
BRDA:87,7,0,6
BRDA:87,7,1,2
BRDA:92,8,0,4
BRDA:92,8,1,2
BRF:16
BRH:15
end_of_record
TN:
SF:C:\Users\Dsouza\Documents\CryptoCurrency\v5.0\contracts\NFTDutchAuctionERC20BidsUpgradable.sol
FN:10,currentVersion
FNF:1
FNH:1
FNDA:1,currentVersion
DA:12,1
LF:1
LH:1
BRF:0
BRH:0
end_of_record
TN:
SF:C:\Users\Dsouza\Documents\CryptoCurrency\v5.0\contracts\RandomMusicNFT.sol
FN:12,constructor
FN:17,mintNFT
FNF:2
FNH:2
FNDA:6,constructor
FNDA:9,mintNFT
DA:18,9
DA:19,9
DA:20,9
DA:22,9
DA:23,9
LF:5
LH:5
BRDA:17,1,0,9
BRDA:17,1,1,1
BRF:2
BRH:2
end_of_record
TN:
SF:C:\Users\Dsouza\Documents\CryptoCurrency\v5.0\contracts\TempoToken.sol
FN:9,constructor
FN:13,mint
FNF:2
FNH:2
FNDA:6,constructor
FNDA:5,mint
DA:10,6
DA:14,5
LF:2
LH:2
BRDA:13,1,0,5
BRDA:13,1,1,1
BRF:2
BRH:2
end_of_record
